<html>
<head>
<title>TestNG:  Surefire test</title>
<link href="../testng.css" rel="stylesheet" type="text/css" />
<link href="../my-testng.css" rel="stylesheet" type="text/css" />

<style type="text/css">
.log { display: none;} 
.stack-trace { display: none;} 
</style>
<script type="text/javascript">
<!--
function flip(e) {
  current = e.style.display;
  if (current == 'block') {
    e.style.display = 'none';
    return 0;
  }
  else {
    e.style.display = 'block';
    return 1;
  }
}

function toggleBox(szDivId, elem, msg1, msg2)
{
  var res = -1;  if (document.getElementById) {
    res = flip(document.getElementById(szDivId));
  }
  else if (document.all) {
    // this is the way old msie versions work
    res = flip(document.all[szDivId]);
  }
  if(elem) {
    if(res == 0) elem.innerHTML = msg1; else elem.innerHTML = msg2;
  }

}

function toggleAllBoxes() {
  if (document.getElementsByTagName) {
    d = document.getElementsByTagName('div');
    for (i = 0; i < d.length; i++) {
      if (d[i].className == 'log') {
        flip(d[i]);
      }
    }
  }
}

// -->
</script>

</head>
<body>
<h2 align='center'>Surefire test</h2><table border='1' align="center">
<tr>
<td>Tests passed/Failed/Skipped:</td><td>16/3/0</td>
</tr><tr>
<td>Started on:</td><td>Thu Jul 28 17:24:02 EET 2022</td>
</tr>
<tr><td>Total time:</td><td>233 seconds (233334 ms)</td>
</tr><tr>
<td>Included groups:</td><td></td>
</tr><tr>
<td>Excluded groups:</td><td></td>
</tr>
</table><p/>
<small><i>(Hover the method name to see the test class name)</i></small><p/>
<table width='100%' border='1' class='invocation-failed'>
<tr><td colspan='4' align='center'><b>FAILED TESTS</b></td></tr>
<tr><td><b>Test method</b></td>
<td width="30%"><b>Exception</b></td>
<td width="10%"><b>Time (seconds)</b></td>
<td><b>Instance</b></td>
</tr>
<tr>
<td title='org.example.testRunner.Runners.runScenario()'><b>runScenario</b><br>Test class: org.example.testRunner.Runners<br>Test method: Runs Cucumber Scenarios<br>Parameters: "user choose second slider IPhone", "F06_HomeSliders | user choose from home page sliders"</td>
<td><div><pre>java.lang.AssertionError: expected [https://demo.nopcommerce.com/iphone-6] but found [https://demo.nopcommerce.com/]
	at org.example.StepDefs.D06_homeSlidersStepDef.userGoToSecondSliderPage(D06_homeSlidersStepDef.java:47)
	at ?.user go to second Slider page(file:///D:/anan/demonopcommerce/src/main/resources/features/F06_HomeSliders.feature:13)
... Removed 6 stack frames</pre></div><a href='#' onClick='toggleBox("stack-trace1847865717", this, "Click to show all stack frames", "Click to hide stack frames")'>Click to show all stack frames</a>
<div class='stack-trace' id='stack-trace1847865717'><pre>java.lang.AssertionError: expected [https://demo.nopcommerce.com/iphone-6] but found [https://demo.nopcommerce.com/]
	at org.testng.Assert.fail(Assert.java:110)
	at org.testng.Assert.failNotEquals(Assert.java:1413)
	at org.testng.Assert.assertEqualsImpl(Assert.java:149)
	at org.testng.Assert.assertEquals(Assert.java:131)
	at org.testng.Assert.assertEquals(Assert.java:655)
	at org.testng.Assert.assertEquals(Assert.java:665)
	at org.example.StepDefs.D06_homeSlidersStepDef.userGoToSecondSliderPage(D06_homeSlidersStepDef.java:47)
	at ?.user go to second Slider page(file:///D:/anan/demonopcommerce/src/main/resources/features/F06_HomeSliders.feature:13)
</pre></div></td>
<td>11</td>
<td>org.example.testRunner.Runners@670b40af</td></tr>
<tr>
<td title='org.example.testRunner.Runners.runScenario()'><b>runScenario</b><br>Test class: org.example.testRunner.Runners<br>Test method: Runs Cucumber Scenarios<br>Parameters: "user choose first slider Nokia Lumia", "F06_HomeSliders | user choose from home page sliders"</td>
<td><div><pre>java.lang.AssertionError: expected [ https://demo.nopcommerce.com/nokia-lumia-1020] but found [https://demo.nopcommerce.com/]
	at org.example.StepDefs.D06_homeSlidersStepDef.userGoToFirstSliderPage(D06_homeSlidersStepDef.java:29)
	at ?.user go to first Slider page(file:///D:/anan/demonopcommerce/src/main/resources/features/F06_HomeSliders.feature:7)
... Removed 6 stack frames</pre></div><a href='#' onClick='toggleBox("stack-trace1066270324", this, "Click to show all stack frames", "Click to hide stack frames")'>Click to show all stack frames</a>
<div class='stack-trace' id='stack-trace1066270324'><pre>java.lang.AssertionError: expected [ https://demo.nopcommerce.com/nokia-lumia-1020] but found [https://demo.nopcommerce.com/]
	at org.testng.Assert.fail(Assert.java:110)
	at org.testng.Assert.failNotEquals(Assert.java:1413)
	at org.testng.Assert.assertEqualsImpl(Assert.java:149)
	at org.testng.Assert.assertEquals(Assert.java:131)
	at org.testng.Assert.assertEquals(Assert.java:655)
	at org.testng.Assert.assertEquals(Assert.java:665)
	at org.example.StepDefs.D06_homeSlidersStepDef.userGoToFirstSliderPage(D06_homeSlidersStepDef.java:29)
	at ?.user go to first Slider page(file:///D:/anan/demonopcommerce/src/main/resources/features/F06_HomeSliders.feature:7)
</pre></div></td>
<td>11</td>
<td>org.example.testRunner.Runners@670b40af</td></tr>
<tr>
<td title='org.example.testRunner.Runners.runScenario()'><b>runScenario</b><br>Test class: org.example.testRunner.Runners<br>Test method: Runs Cucumber Scenarios<br>Parameters: "user opens rss link", "F07_FollowUs |users could open followUs links"</td>
<td><div><pre>java.lang.AssertionError: The following asserts failed:
	this icon doesn&apos;t open new tab expected [2] but found [1],
	expected [https://demo.nopcommerce.com/new-online-store-is-open] but found [https://demo.nopcommerce.com/news/rss/1]
	at org.example.StepDefs.D07_followUsStepDef.isOpenedInNewTab(D07_followUsStepDef.java:64)
	at ?.&quot;https://demo.nopcommerce.com/new-online-store-is-open&quot; is opened in new tab(file:///D:/anan/demonopcommerce/src/main/resources/features/F07_FollowUs.feature:17)
... Removed 2 stack frames</pre></div><a href='#' onClick='toggleBox("stack-trace431300939", this, "Click to show all stack frames", "Click to hide stack frames")'>Click to show all stack frames</a>
<div class='stack-trace' id='stack-trace431300939'><pre>java.lang.AssertionError: The following asserts failed:
	this icon doesn&apos;t open new tab expected [2] but found [1],
	expected [https://demo.nopcommerce.com/new-online-store-is-open] but found [https://demo.nopcommerce.com/news/rss/1]
	at org.testng.asserts.SoftAssert.assertAll(SoftAssert.java:46)
	at org.testng.asserts.SoftAssert.assertAll(SoftAssert.java:30)
	at org.example.StepDefs.D07_followUsStepDef.isOpenedInNewTab(D07_followUsStepDef.java:64)
	at ?.&quot;https://demo.nopcommerce.com/new-online-store-is-open&quot; is opened in new tab(file:///D:/anan/demonopcommerce/src/main/resources/features/F07_FollowUs.feature:17)
</pre></div></td>
<td>11</td>
<td>org.example.testRunner.Runners@670b40af</td></tr>
</table><p>
<table width='100%' border='1' class='invocation-passed'>
<tr><td colspan='4' align='center'><b>PASSED TESTS</b></td></tr>
<tr><td><b>Test method</b></td>
<td width="30%"><b>Exception</b></td>
<td width="10%"><b>Time (seconds)</b></td>
<td><b>Instance</b></td>
</tr>
<tr>
<td title='org.example.testRunner.Runners.runScenario()'><b>runScenario</b><br>Test class: org.example.testRunner.Runners<br>Test method: Runs Cucumber Scenarios<br>Parameters: "user could search using Product name", "F04_Search | user could search for any products on the website"</td>
<td></td>
<td>10</td>
<td>org.example.testRunner.Runners@670b40af</td></tr>
<tr>
<td title='org.example.testRunner.Runners.runScenario()'><b>runScenario</b><br>Test class: org.example.testRunner.Runners<br>Test method: Runs Cucumber Scenarios<br>Parameters: "user could search for product using sku", "F04_Search | user could search for any products on the website"</td>
<td></td>
<td>13</td>
<td>org.example.testRunner.Runners@670b40af</td></tr>
<tr>
<td title='org.example.testRunner.Runners.runScenario()'><b>runScenario</b><br>Test class: org.example.testRunner.Runners<br>Test method: Runs Cucumber Scenarios<br>Parameters: "user could check his wishlist and the items inside it", "F08_Wishlist | user could add products to wishlist successfully"</td>
<td></td>
<td>24</td>
<td>org.example.testRunner.Runners@670b40af</td></tr>
<tr>
<td title='org.example.testRunner.Runners.runScenario()'><b>runScenario</b><br>Test class: org.example.testRunner.Runners<br>Test method: Runs Cucumber Scenarios<br>Parameters: "user could login with valid email and password", "F02_Login | users could use login functionality to use their accounts"</td>
<td></td>
<td>9</td>
<td>org.example.testRunner.Runners@670b40af</td></tr>
<tr>
<td title='org.example.testRunner.Runners.runScenario()'><b>runScenario</b><br>Test class: org.example.testRunner.Runners<br>Test method: Runs Cucumber Scenarios<br>Parameters: "user could search using Product name", "F04_Search | user could search for any products on the website"</td>
<td></td>
<td>9</td>
<td>org.example.testRunner.Runners@670b40af</td></tr>
<tr>
<td title='org.example.testRunner.Runners.runScenario()'><b>runScenario</b><br>Test class: org.example.testRunner.Runners<br>Test method: Runs Cucumber Scenarios<br>Parameters: "user opens youtube link", "F07_FollowUs |users could open followUs links"</td>
<td></td>
<td>14</td>
<td>org.example.testRunner.Runners@670b40af</td></tr>
<tr>
<td title='org.example.testRunner.Runners.runScenario()'><b>runScenario</b><br>Test class: org.example.testRunner.Runners<br>Test method: Runs Cucumber Scenarios<br>Parameters: "user could search for product using sku", "F04_Search | user could search for any products on the website"</td>
<td></td>
<td>11</td>
<td>org.example.testRunner.Runners@670b40af</td></tr>
<tr>
<td title='org.example.testRunner.Runners.runScenario()'><b>runScenario</b><br>Test class: org.example.testRunner.Runners<br>Test method: Runs Cucumber Scenarios<br>Parameters: "user hover on main Categories and select Category Successfully", "F05_HoverCategories | user could choose from Categories in Home Page"</td>
<td></td>
<td>11</td>
<td>org.example.testRunner.Runners@670b40af</td></tr>
<tr>
<td title='org.example.testRunner.Runners.runScenario()'><b>runScenario</b><br>Test class: org.example.testRunner.Runners<br>Test method: Runs Cucumber Scenarios<br>Parameters: "user could search for product using sku", "F04_Search | user could search for any products on the website"</td>
<td></td>
<td>11</td>
<td>org.example.testRunner.Runners@670b40af</td></tr>
<tr>
<td title='org.example.testRunner.Runners.runScenario()'><b>runScenario</b><br>Test class: org.example.testRunner.Runners<br>Test method: Runs Cucumber Scenarios<br>Parameters: "user opens twitter link", "F07_FollowUs |users could open followUs links"</td>
<td></td>
<td>13</td>
<td>org.example.testRunner.Runners@670b40af</td></tr>
<tr>
<td title='org.example.testRunner.Runners.runScenario()'><b>runScenario</b><br>Test class: org.example.testRunner.Runners<br>Test method: Runs Cucumber Scenarios<br>Parameters: "user could login with invalid email and password", "F02_Login | users could use login functionality to use their accounts"</td>
<td></td>
<td>11</td>
<td>org.example.testRunner.Runners@670b40af</td></tr>
<tr>
<td title='org.example.testRunner.Runners.runScenario()'><b>runScenario</b><br>Test class: org.example.testRunner.Runners<br>Test method: Runs Cucumber Scenarios<br>Parameters: "guest user could register with valid data successfully", "F01_Register | users could register with new accounts"</td>
<td></td>
<td>12</td>
<td>org.example.testRunner.Runners@670b40af</td></tr>
<tr>
<td title='org.example.testRunner.Runners.runScenario()'><b>runScenario</b><br>Test class: org.example.testRunner.Runners<br>Test method: Runs Cucumber Scenarios<br>Parameters: "user could change currency to Euro successfully", "F03_currencies | users could change currency"</td>
<td></td>
<td>11</td>
<td>org.example.testRunner.Runners@670b40af</td></tr>
<tr>
<td title='org.example.testRunner.Runners.runScenario()'><b>runScenario</b><br>Test class: org.example.testRunner.Runners<br>Test method: Runs Cucumber Scenarios<br>Parameters: "user could add one product to wishlist", "F08_Wishlist | user could add products to wishlist successfully"</td>
<td></td>
<td>10</td>
<td>org.example.testRunner.Runners@670b40af</td></tr>
<tr>
<td title='org.example.testRunner.Runners.runScenario()'><b>runScenario</b><br>Test class: org.example.testRunner.Runners<br>Test method: Runs Cucumber Scenarios<br>Parameters: "user opens facebook link", "F07_FollowUs |users could open followUs links"</td>
<td></td>
<td>12</td>
<td>org.example.testRunner.Runners@670b40af</td></tr>
<tr>
<td title='org.example.testRunner.Runners.runScenario()'><b>runScenario</b><br>Test class: org.example.testRunner.Runners<br>Test method: Runs Cucumber Scenarios<br>Parameters: "user could search using Product name", "F04_Search | user could search for any products on the website"</td>
<td></td>
<td>9</td>
<td>org.example.testRunner.Runners@670b40af</td></tr>
</table><p>
</body>
</html>