-------------------------------------------------------------------------------
Test set: org.example.testRunner.Runners
-------------------------------------------------------------------------------
Tests run: 19, Failures: 3, Errors: 0, Skipped: 0, Time elapsed: 234.104 s <<< FAILURE! - in org.example.testRunner.Runners
org.example.testRunner.Runners.runScenario["user choose first slider Nokia Lumia", "F06_HomeSliders | user choose from home page sliders"](12)  Time elapsed: 11.204 s  <<< FAILURE!
java.lang.AssertionError: expected [ https://demo.nopcommerce.com/nokia-lumia-1020] but found [https://demo.nopcommerce.com/]
	at org.testng.Assert.fail(Assert.java:110)
	at org.testng.Assert.failNotEquals(Assert.java:1413)
	at org.testng.Assert.assertEqualsImpl(Assert.java:149)
	at org.testng.Assert.assertEquals(Assert.java:131)
	at org.testng.Assert.assertEquals(Assert.java:655)
	at org.testng.Assert.assertEquals(Assert.java:665)
	at org.example.StepDefs.D06_homeSlidersStepDef.userGoToFirstSliderPage(D06_homeSlidersStepDef.java:29)
	at ✽.user go to first Slider page(file:///D:/anan/demonopcommerce/src/main/resources/features/F06_HomeSliders.feature:7)

org.example.testRunner.Runners.runScenario["user choose second slider IPhone", "F06_HomeSliders | user choose from home page sliders"](13)  Time elapsed: 11.113 s  <<< FAILURE!
java.lang.AssertionError: expected [https://demo.nopcommerce.com/iphone-6] but found [https://demo.nopcommerce.com/]
	at org.testng.Assert.fail(Assert.java:110)
	at org.testng.Assert.failNotEquals(Assert.java:1413)
	at org.testng.Assert.assertEqualsImpl(Assert.java:149)
	at org.testng.Assert.assertEquals(Assert.java:131)
	at org.testng.Assert.assertEquals(Assert.java:655)
	at org.testng.Assert.assertEquals(Assert.java:665)
	at org.example.StepDefs.D06_homeSlidersStepDef.userGoToSecondSliderPage(D06_homeSlidersStepDef.java:47)
	at ✽.user go to second Slider page(file:///D:/anan/demonopcommerce/src/main/resources/features/F06_HomeSliders.feature:13)

org.example.testRunner.Runners.runScenario["user opens rss link", "F07_FollowUs |users could open followUs links"](16)  Time elapsed: 11.704 s  <<< FAILURE!
java.lang.AssertionError: 
The following asserts failed:
	this icon doesn't open new tab expected [2] but found [1],
	expected [https://demo.nopcommerce.com/new-online-store-is-open] but found [https://demo.nopcommerce.com/news/rss/1]
	at org.testng.asserts.SoftAssert.assertAll(SoftAssert.java:46)
	at org.testng.asserts.SoftAssert.assertAll(SoftAssert.java:30)
	at org.example.StepDefs.D07_followUsStepDef.isOpenedInNewTab(D07_followUsStepDef.java:64)
	at ✽."https://demo.nopcommerce.com/new-online-store-is-open" is opened in new tab(file:///D:/anan/demonopcommerce/src/main/resources/features/F07_FollowUs.feature:17)

