<?xml version="1.0" encoding="UTF-8"?>
<testng-results skipped="0" failed="3" ignored="0" total="19" passed="16">
  <reporter-output>
  </reporter-output>
  <suite name="Surefire suite" duration-ms="233334" started-at="2022-07-28T17:24:02 EET" finished-at="2022-07-28T17:27:56 EET">
    <groups>
      <group name="cucumber">
        <method signature="AbstractTestNGCucumberTests.runScenario(io.cucumber.testng.PickleWrapper,io.cucumber.testng.FeatureWrapper)[pri:0, instance:org.example.testRunner.Runners@670b40af]" name="runScenario" class="io.cucumber.testng.AbstractTestNGCucumberTests"/>
      </group> <!-- cucumber -->
    </groups>
    <test name="Surefire test" duration-ms="233334" started-at="2022-07-28T17:24:02 EET" finished-at="2022-07-28T17:27:56 EET">
      <class name="org.example.testRunner.Runners">
        <test-method status="PASS" signature="setUpClass(org.testng.ITestContext)[pri:0, instance:org.example.testRunner.Runners@670b40af]" name="setUpClass" is-config="true" duration-ms="781" started-at="2022-07-28T17:24:02 EET" finished-at="2022-07-28T17:24:03 EET">
          <params>
            <param index="0">
              <value>
                <![CDATA[org.testng.TestRunner@23b71d24]]>
              </value>
            </param>
          </params>
          <reporter-output>
          </reporter-output>
        </test-method> <!-- setUpClass -->
        <test-method status="PASS" signature="runScenario(io.cucumber.testng.PickleWrapper,io.cucumber.testng.FeatureWrapper)[pri:0, instance:org.example.testRunner.Runners@670b40af]" name="runScenario" duration-ms="12599" started-at="2022-07-28T17:24:03 EET" description="Runs Cucumber Scenarios" data-provider="scenarios" finished-at="2022-07-28T17:24:16 EET">
          <params>
            <param index="0">
              <value>
                <![CDATA["guest user could register with valid data successfully"]]>
              </value>
            </param>
            <param index="1">
              <value>
                <![CDATA["F01_Register | users could register with new accounts"]]>
              </value>
            </param>
          </params>
          <reporter-output>
          </reporter-output>
        </test-method> <!-- runScenario -->
        <test-method status="PASS" signature="runScenario(io.cucumber.testng.PickleWrapper,io.cucumber.testng.FeatureWrapper)[pri:0, instance:org.example.testRunner.Runners@670b40af]" name="runScenario" duration-ms="9887" started-at="2022-07-28T17:24:16 EET" description="Runs Cucumber Scenarios" data-provider="scenarios" finished-at="2022-07-28T17:24:26 EET">
          <params>
            <param index="0">
              <value>
                <![CDATA["user could login with valid email and password"]]>
              </value>
            </param>
            <param index="1">
              <value>
                <![CDATA["F02_Login | users could use login functionality to use their accounts"]]>
              </value>
            </param>
          </params>
          <reporter-output>
          </reporter-output>
        </test-method> <!-- runScenario -->
        <test-method status="PASS" signature="runScenario(io.cucumber.testng.PickleWrapper,io.cucumber.testng.FeatureWrapper)[pri:0, instance:org.example.testRunner.Runners@670b40af]" name="runScenario" duration-ms="11083" started-at="2022-07-28T17:24:26 EET" description="Runs Cucumber Scenarios" data-provider="scenarios" finished-at="2022-07-28T17:24:37 EET">
          <params>
            <param index="0">
              <value>
                <![CDATA["user could login with invalid email and password"]]>
              </value>
            </param>
            <param index="1">
              <value>
                <![CDATA["F02_Login | users could use login functionality to use their accounts"]]>
              </value>
            </param>
          </params>
          <reporter-output>
          </reporter-output>
        </test-method> <!-- runScenario -->
        <test-method status="PASS" signature="runScenario(io.cucumber.testng.PickleWrapper,io.cucumber.testng.FeatureWrapper)[pri:0, instance:org.example.testRunner.Runners@670b40af]" name="runScenario" duration-ms="11176" started-at="2022-07-28T17:24:37 EET" description="Runs Cucumber Scenarios" data-provider="scenarios" finished-at="2022-07-28T17:24:48 EET">
          <params>
            <param index="0">
              <value>
                <![CDATA["user could change currency to Euro successfully"]]>
              </value>
            </param>
            <param index="1">
              <value>
                <![CDATA["F03_currencies | users could change currency"]]>
              </value>
            </param>
          </params>
          <reporter-output>
          </reporter-output>
        </test-method> <!-- runScenario -->
        <test-method status="PASS" signature="runScenario(io.cucumber.testng.PickleWrapper,io.cucumber.testng.FeatureWrapper)[pri:0, instance:org.example.testRunner.Runners@670b40af]" name="runScenario" duration-ms="9194" started-at="2022-07-28T17:24:48 EET" description="Runs Cucumber Scenarios" data-provider="scenarios" finished-at="2022-07-28T17:24:57 EET">
          <params>
            <param index="0">
              <value>
                <![CDATA["user could search using Product name"]]>
              </value>
            </param>
            <param index="1">
              <value>
                <![CDATA["F04_Search | user could search for any products on the website"]]>
              </value>
            </param>
          </params>
          <reporter-output>
          </reporter-output>
        </test-method> <!-- runScenario -->
        <test-method status="PASS" signature="runScenario(io.cucumber.testng.PickleWrapper,io.cucumber.testng.FeatureWrapper)[pri:0, instance:org.example.testRunner.Runners@670b40af]" name="runScenario" duration-ms="10963" started-at="2022-07-28T17:24:57 EET" description="Runs Cucumber Scenarios" data-provider="scenarios" finished-at="2022-07-28T17:25:08 EET">
          <params>
            <param index="0">
              <value>
                <![CDATA["user could search using Product name"]]>
              </value>
            </param>
            <param index="1">
              <value>
                <![CDATA["F04_Search | user could search for any products on the website"]]>
              </value>
            </param>
          </params>
          <reporter-output>
          </reporter-output>
        </test-method> <!-- runScenario -->
        <test-method status="PASS" signature="runScenario(io.cucumber.testng.PickleWrapper,io.cucumber.testng.FeatureWrapper)[pri:0, instance:org.example.testRunner.Runners@670b40af]" name="runScenario" duration-ms="9836" started-at="2022-07-28T17:25:08 EET" description="Runs Cucumber Scenarios" data-provider="scenarios" finished-at="2022-07-28T17:25:18 EET">
          <params>
            <param index="0">
              <value>
                <![CDATA["user could search using Product name"]]>
              </value>
            </param>
            <param index="1">
              <value>
                <![CDATA["F04_Search | user could search for any products on the website"]]>
              </value>
            </param>
          </params>
          <reporter-output>
          </reporter-output>
        </test-method> <!-- runScenario -->
        <test-method status="PASS" signature="runScenario(io.cucumber.testng.PickleWrapper,io.cucumber.testng.FeatureWrapper)[pri:0, instance:org.example.testRunner.Runners@670b40af]" name="runScenario" duration-ms="11685" started-at="2022-07-28T17:25:18 EET" description="Runs Cucumber Scenarios" data-provider="scenarios" finished-at="2022-07-28T17:25:30 EET">
          <params>
            <param index="0">
              <value>
                <![CDATA["user could search for product using sku"]]>
              </value>
            </param>
            <param index="1">
              <value>
                <![CDATA["F04_Search | user could search for any products on the website"]]>
              </value>
            </param>
          </params>
          <reporter-output>
          </reporter-output>
        </test-method> <!-- runScenario -->
        <test-method status="PASS" signature="runScenario(io.cucumber.testng.PickleWrapper,io.cucumber.testng.FeatureWrapper)[pri:0, instance:org.example.testRunner.Runners@670b40af]" name="runScenario" duration-ms="13929" started-at="2022-07-28T17:25:30 EET" description="Runs Cucumber Scenarios" data-provider="scenarios" finished-at="2022-07-28T17:25:43 EET">
          <params>
            <param index="0">
              <value>
                <![CDATA["user could search for product using sku"]]>
              </value>
            </param>
            <param index="1">
              <value>
                <![CDATA["F04_Search | user could search for any products on the website"]]>
              </value>
            </param>
          </params>
          <reporter-output>
          </reporter-output>
        </test-method> <!-- runScenario -->
        <test-method status="PASS" signature="runScenario(io.cucumber.testng.PickleWrapper,io.cucumber.testng.FeatureWrapper)[pri:0, instance:org.example.testRunner.Runners@670b40af]" name="runScenario" duration-ms="11403" started-at="2022-07-28T17:25:43 EET" description="Runs Cucumber Scenarios" data-provider="scenarios" finished-at="2022-07-28T17:25:55 EET">
          <params>
            <param index="0">
              <value>
                <![CDATA["user could search for product using sku"]]>
              </value>
            </param>
            <param index="1">
              <value>
                <![CDATA["F04_Search | user could search for any products on the website"]]>
              </value>
            </param>
          </params>
          <reporter-output>
          </reporter-output>
        </test-method> <!-- runScenario -->
        <test-method status="PASS" signature="runScenario(io.cucumber.testng.PickleWrapper,io.cucumber.testng.FeatureWrapper)[pri:0, instance:org.example.testRunner.Runners@670b40af]" name="runScenario" duration-ms="11664" started-at="2022-07-28T17:25:55 EET" description="Runs Cucumber Scenarios" data-provider="scenarios" finished-at="2022-07-28T17:26:07 EET">
          <params>
            <param index="0">
              <value>
                <![CDATA["user hover on main Categories and select Category Successfully"]]>
              </value>
            </param>
            <param index="1">
              <value>
                <![CDATA["F05_HoverCategories | user could choose from Categories in Home Page"]]>
              </value>
            </param>
          </params>
          <reporter-output>
          </reporter-output>
        </test-method> <!-- runScenario -->
        <test-method status="FAIL" signature="runScenario(io.cucumber.testng.PickleWrapper,io.cucumber.testng.FeatureWrapper)[pri:0, instance:org.example.testRunner.Runners@670b40af]" name="runScenario" duration-ms="11189" started-at="2022-07-28T17:26:07 EET" description="Runs Cucumber Scenarios" data-provider="scenarios" finished-at="2022-07-28T17:26:18 EET">
          <params>
            <param index="0">
              <value>
                <![CDATA["user choose first slider Nokia Lumia"]]>
              </value>
            </param>
            <param index="1">
              <value>
                <![CDATA["F06_HomeSliders | user choose from home page sliders"]]>
              </value>
            </param>
          </params>
          <exception class="java.lang.AssertionError">
            <message>
              <![CDATA[expected [ https://demo.nopcommerce.com/nokia-lumia-1020] but found [https://demo.nopcommerce.com/]]]>
            </message>
            <full-stacktrace>
              <![CDATA[java.lang.AssertionError: expected [ https://demo.nopcommerce.com/nokia-lumia-1020] but found [https://demo.nopcommerce.com/]
at org.testng.Assert.fail(Assert.java:110)
at org.testng.Assert.failNotEquals(Assert.java:1413)
at org.testng.Assert.assertEqualsImpl(Assert.java:149)
at org.testng.Assert.assertEquals(Assert.java:131)
at org.testng.Assert.assertEquals(Assert.java:655)
at org.testng.Assert.assertEquals(Assert.java:665)
at org.example.StepDefs.D06_homeSlidersStepDef.userGoToFirstSliderPage(D06_homeSlidersStepDef.java:29)
at ✽.user go to first Slider page(file:///D:/anan/demonopcommerce/src/main/resources/features/F06_HomeSliders.feature:7)
]]>
            </full-stacktrace>
          </exception> <!-- java.lang.AssertionError -->
          <reporter-output>
          </reporter-output>
        </test-method> <!-- runScenario -->
        <test-method status="FAIL" signature="runScenario(io.cucumber.testng.PickleWrapper,io.cucumber.testng.FeatureWrapper)[pri:0, instance:org.example.testRunner.Runners@670b40af]" name="runScenario" duration-ms="11128" started-at="2022-07-28T17:26:18 EET" description="Runs Cucumber Scenarios" data-provider="scenarios" finished-at="2022-07-28T17:26:29 EET">
          <params>
            <param index="0">
              <value>
                <![CDATA["user choose second slider IPhone"]]>
              </value>
            </param>
            <param index="1">
              <value>
                <![CDATA["F06_HomeSliders | user choose from home page sliders"]]>
              </value>
            </param>
          </params>
          <exception class="java.lang.AssertionError">
            <message>
              <![CDATA[expected [https://demo.nopcommerce.com/iphone-6] but found [https://demo.nopcommerce.com/]]]>
            </message>
            <full-stacktrace>
              <![CDATA[java.lang.AssertionError: expected [https://demo.nopcommerce.com/iphone-6] but found [https://demo.nopcommerce.com/]
at org.testng.Assert.fail(Assert.java:110)
at org.testng.Assert.failNotEquals(Assert.java:1413)
at org.testng.Assert.assertEqualsImpl(Assert.java:149)
at org.testng.Assert.assertEquals(Assert.java:131)
at org.testng.Assert.assertEquals(Assert.java:655)
at org.testng.Assert.assertEquals(Assert.java:665)
at org.example.StepDefs.D06_homeSlidersStepDef.userGoToSecondSliderPage(D06_homeSlidersStepDef.java:47)
at ✽.user go to second Slider page(file:///D:/anan/demonopcommerce/src/main/resources/features/F06_HomeSliders.feature:13)
]]>
            </full-stacktrace>
          </exception> <!-- java.lang.AssertionError -->
          <reporter-output>
          </reporter-output>
        </test-method> <!-- runScenario -->
        <test-method status="PASS" signature="runScenario(io.cucumber.testng.PickleWrapper,io.cucumber.testng.FeatureWrapper)[pri:0, instance:org.example.testRunner.Runners@670b40af]" name="runScenario" duration-ms="12587" started-at="2022-07-28T17:26:29 EET" description="Runs Cucumber Scenarios" data-provider="scenarios" finished-at="2022-07-28T17:26:41 EET">
          <params>
            <param index="0">
              <value>
                <![CDATA["user opens facebook link"]]>
              </value>
            </param>
            <param index="1">
              <value>
                <![CDATA["F07_FollowUs |users could open followUs links"]]>
              </value>
            </param>
          </params>
          <reporter-output>
          </reporter-output>
        </test-method> <!-- runScenario -->
        <test-method status="PASS" signature="runScenario(io.cucumber.testng.PickleWrapper,io.cucumber.testng.FeatureWrapper)[pri:0, instance:org.example.testRunner.Runners@670b40af]" name="runScenario" duration-ms="13428" started-at="2022-07-28T17:26:41 EET" description="Runs Cucumber Scenarios" data-provider="scenarios" finished-at="2022-07-28T17:26:55 EET">
          <params>
            <param index="0">
              <value>
                <![CDATA["user opens twitter link"]]>
              </value>
            </param>
            <param index="1">
              <value>
                <![CDATA["F07_FollowUs |users could open followUs links"]]>
              </value>
            </param>
          </params>
          <reporter-output>
          </reporter-output>
        </test-method> <!-- runScenario -->
        <test-method status="FAIL" signature="runScenario(io.cucumber.testng.PickleWrapper,io.cucumber.testng.FeatureWrapper)[pri:0, instance:org.example.testRunner.Runners@670b40af]" name="runScenario" duration-ms="11704" started-at="2022-07-28T17:26:55 EET" description="Runs Cucumber Scenarios" data-provider="scenarios" finished-at="2022-07-28T17:27:07 EET">
          <params>
            <param index="0">
              <value>
                <![CDATA["user opens rss link"]]>
              </value>
            </param>
            <param index="1">
              <value>
                <![CDATA["F07_FollowUs |users could open followUs links"]]>
              </value>
            </param>
          </params>
          <exception class="java.lang.AssertionError">
            <message>
              <![CDATA[The following asserts failed:
this icon doesn't open new tab expected [2] but found [1],
expected [https://demo.nopcommerce.com/new-online-store-is-open] but found [https://demo.nopcommerce.com/news/rss/1]]]>
            </message>
            <full-stacktrace>
              <![CDATA[java.lang.AssertionError: The following asserts failed:
this icon doesn't open new tab expected [2] but found [1],
expected [https://demo.nopcommerce.com/new-online-store-is-open] but found [https://demo.nopcommerce.com/news/rss/1]
at org.testng.asserts.SoftAssert.assertAll(SoftAssert.java:46)
at org.testng.asserts.SoftAssert.assertAll(SoftAssert.java:30)
at org.example.StepDefs.D07_followUsStepDef.isOpenedInNewTab(D07_followUsStepDef.java:64)
at ✽."https://demo.nopcommerce.com/new-online-store-is-open" is opened in new tab(file:///D:/anan/demonopcommerce/src/main/resources/features/F07_FollowUs.feature:17)
]]>
            </full-stacktrace>
          </exception> <!-- java.lang.AssertionError -->
          <reporter-output>
          </reporter-output>
        </test-method> <!-- runScenario -->
        <test-method status="PASS" signature="runScenario(io.cucumber.testng.PickleWrapper,io.cucumber.testng.FeatureWrapper)[pri:0, instance:org.example.testRunner.Runners@670b40af]" name="runScenario" duration-ms="14430" started-at="2022-07-28T17:27:07 EET" description="Runs Cucumber Scenarios" data-provider="scenarios" finished-at="2022-07-28T17:27:21 EET">
          <params>
            <param index="0">
              <value>
                <![CDATA["user opens youtube link"]]>
              </value>
            </param>
            <param index="1">
              <value>
                <![CDATA["F07_FollowUs |users could open followUs links"]]>
              </value>
            </param>
          </params>
          <reporter-output>
          </reporter-output>
        </test-method> <!-- runScenario -->
        <test-method status="PASS" signature="runScenario(io.cucumber.testng.PickleWrapper,io.cucumber.testng.FeatureWrapper)[pri:0, instance:org.example.testRunner.Runners@670b40af]" name="runScenario" duration-ms="10007" started-at="2022-07-28T17:27:21 EET" description="Runs Cucumber Scenarios" data-provider="scenarios" finished-at="2022-07-28T17:27:31 EET">
          <params>
            <param index="0">
              <value>
                <![CDATA["user could add one product to wishlist"]]>
              </value>
            </param>
            <param index="1">
              <value>
                <![CDATA["F08_Wishlist | user could add products to wishlist successfully"]]>
              </value>
            </param>
          </params>
          <reporter-output>
          </reporter-output>
        </test-method> <!-- runScenario -->
        <test-method status="PASS" signature="runScenario(io.cucumber.testng.PickleWrapper,io.cucumber.testng.FeatureWrapper)[pri:0, instance:org.example.testRunner.Runners@670b40af]" name="runScenario" duration-ms="24443" started-at="2022-07-28T17:27:31 EET" description="Runs Cucumber Scenarios" data-provider="scenarios" finished-at="2022-07-28T17:27:55 EET">
          <params>
            <param index="0">
              <value>
                <![CDATA["user could check his wishlist and the items inside it"]]>
              </value>
            </param>
            <param index="1">
              <value>
                <![CDATA["F08_Wishlist | user could add products to wishlist successfully"]]>
              </value>
            </param>
          </params>
          <reporter-output>
          </reporter-output>
        </test-method> <!-- runScenario -->
        <test-method status="PASS" signature="tearDownClass()[pri:0, instance:org.example.testRunner.Runners@670b40af]" name="tearDownClass" is-config="true" duration-ms="172" started-at="2022-07-28T17:27:55 EET" finished-at="2022-07-28T17:27:56 EET">
          <reporter-output>
          </reporter-output>
        </test-method> <!-- tearDownClass -->
      </class> <!-- org.example.testRunner.Runners -->
    </test> <!-- Surefire test -->
  </suite> <!-- Surefire suite -->
</testng-results>
